<?xml version="1.0" encoding="UTF-8"?>
<!-- Generated by org.testng.reporters.JUnitXMLReporter -->
<testsuite ignored="0" hostname="ViNeEtH" failures="0" tests="4" name="Default test" time="41.652" errors="0" timestamp="2025-06-15T13:22:33 IST">
  <testcase classname="io.test.EcommerceTest" name="submitOrder" time="20.393"/>
  <testcase classname="io.test.EcommerceTest" name="submitOrder" time="12.497"/>
  <testcase classname="io.test.EcommerceTest" name="ordersHistory" time="0.521"/>
  <testcase classname="io.test.EcommerceTest" name="ordersHistory" time="0.497"/>
</testsuite> <!-- Default test -->
