<?xml version="1.0" encoding="UTF-8"?>
<!-- Generated by org.testng.reporters.JUnitXMLReporter -->
<testsuite ignored="1" hostname="ViNeEtH" failures="0" tests="2" name="submit order" time="36.21" errors="0" timestamp="2025-06-10T12:48:14 IST">
  <testcase classname="io.test.EcommerceTest" name="submitOrder" time="20.773"/>
  <testcase classname="io.test.EcommerceTest" name="submitOrder" time="12.576"/>
  <testcase classname="io.test.EcommerceTest" name="ordersHistory" time="0.0">
    <ignored/>
  </testcase> <!-- ordersHistory -->
</testsuite> <!-- submit order -->
