<?xml version="1.0" encoding="UTF-8"?>
<!-- Generated by org.testng.reporters.JUnitXMLReporter -->
<testsuite ignored="1" hostname="ViNeEtH" failures="0" tests="2" name="submit order" time="31.962" errors="0" timestamp="2025-06-11T16:01:32 IST">
  <testcase classname="io.test.EcommerceTest" name="submitOrder" time="14.664"/>
  <testcase classname="io.test.EcommerceTest" name="submitOrder" time="13.1"/>
  <testcase classname="io.test.EcommerceTest" name="ordersHistory" time="0.0">
    <ignored/>
  </testcase> <!-- ordersHistory -->
</testsuite> <!-- submit order -->
