<?xml version="1.0" encoding="UTF-8"?>
<testsuite xmlns:xsi="http://www.w3.org/2001/XMLSchema-instance" xsi:noNamespaceSchemaLocation="https://maven.apache.org/surefire/maven-surefire-plugin/xsd/surefire-test-report.xsd" version="3.0.2" name="io.cucumber.TestNGTestRunner" time="31.667" tests="2" errors="0" skipped="0" failures="0">
  <properties>
[...]
</properties>
  <testcase name="runScenario[&quot;Verify positive ecommerce flow&quot;, &quot;Verify that a user can add a product to the cart and submit an order&quot;](1)" classname="io.cucumber.TestNGTestRunner" time="26.3">
    <system-out><![CDATA[* Coupon Applied
]]></system-out>
  </testcase>
  <testcase name="runScenario[&quot;Verify with invalid username and password&quot;, &quot;Verify that a user can add a product to the cart and submit an order&quot;](2)" classname="io.cucumber.TestNGTestRunner" time="4.467"/>
</testsuite>