<?xml version="1.0" encoding="UTF-8"?>
<testng-results ignored="0" total="2" passed="2" failed="0" skipped="0">
  <reporter-output>
  </reporter-output>
  <suite started-at="2025-06-11T16:09:26 IST" name="Surefire suite" finished-at="2025-06-11T16:09:58 IST" duration-ms="31317">
    <groups>
      <group name="cucumber">
        <method signature="AbstractTestNGCucumberTests.runScenario(io.cucumber.testng.PickleWrapper,io.cucumber.testng.FeatureWrapper)[pri:0, instance:io.cucumber.TestNGTestRunner@4387b79e]" name="runScenario" class="io.cucumber.testng.AbstractTestNGCucumberTests"/>
      </group> <!-- cucumber -->
    </groups>
    <test started-at="2025-06-11T16:09:26 IST" name="Surefire test" finished-at="2025-06-11T16:09:58 IST" duration-ms="31317">
      <class name="io.cucumber.TestNGTestRunner">
        <test-method is-config="true" signature="setUpClass(org.testng.ITestContext)[pri:0, instance:io.cucumber.TestNGTestRunner@4387b79e]" started-at="2025-06-11T16:09:26 IST" name="setUpClass" finished-at="2025-06-11T16:09:27 IST" duration-ms="502" status="PASS">
          <params>
            <param index="0">
              <value>
                <![CDATA[org.testng.TestRunner@7d04529c]]>
              </value>
            </param>
          </params>
          <reporter-output>
          </reporter-output>
        </test-method> <!-- setUpClass -->
        <test-method signature="runScenario(io.cucumber.testng.PickleWrapper,io.cucumber.testng.FeatureWrapper)[pri:0, instance:io.cucumber.TestNGTestRunner@4387b79e]" started-at="2025-06-11T16:09:27 IST" name="runScenario" description="Runs Cucumber Scenarios" data-provider="scenarios" finished-at="2025-06-11T16:09:53 IST" duration-ms="26300" status="PASS">
          <params>
            <param index="0">
              <value>
                <![CDATA["Verify positive ecommerce flow"]]>
              </value>
            </param>
            <param index="1">
              <value>
                <![CDATA["Verify that a user can add a product to the cart and submit an order"]]>
              </value>
            </param>
          </params>
          <reporter-output>
          </reporter-output>
        </test-method> <!-- runScenario -->
        <test-method signature="runScenario(io.cucumber.testng.PickleWrapper,io.cucumber.testng.FeatureWrapper)[pri:0, instance:io.cucumber.TestNGTestRunner@4387b79e]" started-at="2025-06-11T16:09:53 IST" name="runScenario" description="Runs Cucumber Scenarios" data-provider="scenarios" finished-at="2025-06-11T16:09:58 IST" duration-ms="4467" status="PASS">
          <params>
            <param index="0">
              <value>
                <![CDATA["Verify with invalid username and password"]]>
              </value>
            </param>
            <param index="1">
              <value>
                <![CDATA["Verify that a user can add a product to the cart and submit an order"]]>
              </value>
            </param>
          </params>
          <reporter-output>
          </reporter-output>
        </test-method> <!-- runScenario -->
        <test-method is-config="true" signature="tearDownClass()[pri:0, instance:io.cucumber.TestNGTestRunner@4387b79e]" started-at="2025-06-11T16:09:58 IST" name="tearDownClass" finished-at="2025-06-11T16:09:58 IST" duration-ms="33" status="PASS">
          <reporter-output>
          </reporter-output>
        </test-method> <!-- tearDownClass -->
      </class> <!-- io.cucumber.TestNGTestRunner -->
    </test> <!-- Surefire test -->
  </suite> <!-- Surefire suite -->
</testng-results>
