<?xml version="1.0" encoding="UTF-8"?>
<testng-results ignored="0" total="2" passed="2" failed="0" skipped="0">
  <reporter-output>
  </reporter-output>
  <suite started-at="2025-06-11T15:56:44 IST" name="Default suite" finished-at="2025-06-11T15:57:09 IST" duration-ms="25091">
    <groups>
      <group name="cucumber">
        <method signature="AbstractTestNGCucumberTests.runScenario(io.cucumber.testng.PickleWrapper,io.cucumber.testng.FeatureWrapper)[pri:0, instance:io.cucumber.TestNGTestRunner@6221a451]" name="runScenario" class="io.cucumber.testng.AbstractTestNGCucumberTests"/>
      </group> <!-- cucumber -->
    </groups>
    <test started-at="2025-06-11T15:56:44 IST" name="Default test" finished-at="2025-06-11T15:57:09 IST" duration-ms="25091">
      <class name="io.cucumber.TestNGTestRunner">
        <test-method is-config="true" signature="setUpClass(org.testng.ITestContext)[pri:0, instance:io.cucumber.TestNGTestRunner@6221a451]" started-at="2025-06-11T15:56:44 IST" name="setUpClass" finished-at="2025-06-11T15:56:44 IST" duration-ms="503" status="PASS">
          <params>
            <param index="0">
              <value>
                <![CDATA[org.testng.TestRunner@6a756082]]>
              </value>
            </param>
          </params>
          <reporter-output>
          </reporter-output>
        </test-method> <!-- setUpClass -->
        <test-method signature="runScenario(io.cucumber.testng.PickleWrapper,io.cucumber.testng.FeatureWrapper)[pri:0, instance:io.cucumber.TestNGTestRunner@6221a451]" started-at="2025-06-11T15:56:44 IST" name="runScenario" description="Runs Cucumber Scenarios" data-provider="scenarios" finished-at="2025-06-11T15:57:07 IST" duration-ms="22771" status="PASS">
          <params>
            <param index="0">
              <value>
                <![CDATA["Verify positive ecommerce flow"]]>
              </value>
            </param>
            <param index="1">
              <value>
                <![CDATA["Verify that a user can add a product to the cart and submit an order"]]>
              </value>
            </param>
          </params>
          <reporter-output>
          </reporter-output>
        </test-method> <!-- runScenario -->
        <test-method signature="runScenario(io.cucumber.testng.PickleWrapper,io.cucumber.testng.FeatureWrapper)[pri:0, instance:io.cucumber.TestNGTestRunner@6221a451]" started-at="2025-06-11T15:57:07 IST" name="runScenario" description="Runs Cucumber Scenarios" data-provider="scenarios" finished-at="2025-06-11T15:57:09 IST" duration-ms="1758" status="PASS">
          <params>
            <param index="0">
              <value>
                <![CDATA["Verify with invalid username and password"]]>
              </value>
            </param>
            <param index="1">
              <value>
                <![CDATA["Verify that a user can add a product to the cart and submit an order"]]>
              </value>
            </param>
          </params>
          <reporter-output>
          </reporter-output>
        </test-method> <!-- runScenario -->
        <test-method is-config="true" signature="tearDownClass()[pri:0, instance:io.cucumber.TestNGTestRunner@6221a451]" started-at="2025-06-11T15:57:09 IST" name="tearDownClass" finished-at="2025-06-11T15:57:09 IST" duration-ms="11" status="PASS">
          <reporter-output>
          </reporter-output>
        </test-method> <!-- tearDownClass -->
      </class> <!-- io.cucumber.TestNGTestRunner -->
    </test> <!-- Default test -->
  </suite> <!-- Default suite -->
</testng-results>
