<?xml version="1.0" encoding="UTF-8"?>
<testng-results ignored="0" total="4" passed="4" failed="0" skipped="0">
  <reporter-output>
  </reporter-output>
  <suite started-at="2025-06-15T13:21:51 IST" name="Default suite" finished-at="2025-06-15T13:22:33 IST" duration-ms="41652">
    <groups>
      <group name="Purchase">
        <method signature="EcommerceTest.submitOrder(java.lang.String,java.lang.String,java.lang.String)[pri:0, instance:io.test.EcommerceTest@201a4587]" name="submitOrder" class="io.test.EcommerceTest"/>
      </group> <!-- Purchase -->
    </groups>
    <test started-at="2025-06-15T13:21:51 IST" name="Default test" finished-at="2025-06-15T13:22:33 IST" duration-ms="41652">
      <class name="io.test.EcommerceTest">
        <test-method is-config="true" signature="launchApplication()[pri:0, instance:io.test.EcommerceTest@201a4587]" started-at="2025-06-15T13:21:51 IST" name="launchApplication" finished-at="2025-06-15T13:21:53 IST" duration-ms="1909" status="PASS">
          <reporter-output>
          </reporter-output>
        </test-method> <!-- launchApplication -->
        <test-method signature="submitOrder(java.lang.String,java.lang.String,java.lang.String)[pri:0, instance:io.test.EcommerceTest@201a4587]" started-at="2025-06-15T13:21:53 IST" name="submitOrder" data-provider="TestData" finished-at="2025-06-15T13:22:14 IST" duration-ms="20393" status="PASS">
          <params>
            <param index="0">
              <value>
                <![CDATA[vineeth@gmail.com]]>
              </value>
            </param>
            <param index="1">
              <value>
                <![CDATA[Saanvi@143]]>
              </value>
            </param>
            <param index="2">
              <value>
                <![CDATA[ZARA COAT 3]]>
              </value>
            </param>
          </params>
          <reporter-output>
          </reporter-output>
        </test-method> <!-- submitOrder -->
        <test-method is-config="true" signature="tearDown()[pri:0, instance:io.test.EcommerceTest@201a4587]" started-at="2025-06-15T13:22:14 IST" name="tearDown" finished-at="2025-06-15T13:22:14 IST" duration-ms="65" status="PASS">
          <reporter-output>
          </reporter-output>
        </test-method> <!-- tearDown -->
        <test-method is-config="true" signature="launchApplication()[pri:0, instance:io.test.EcommerceTest@201a4587]" started-at="2025-06-15T13:22:14 IST" name="launchApplication" finished-at="2025-06-15T13:22:16 IST" duration-ms="1933" status="PASS">
          <reporter-output>
          </reporter-output>
        </test-method> <!-- launchApplication -->
        <test-method signature="submitOrder(java.lang.String,java.lang.String,java.lang.String)[pri:0, instance:io.test.EcommerceTest@201a4587]" started-at="2025-06-15T13:22:16 IST" name="submitOrder" data-provider="TestData" finished-at="2025-06-15T13:22:28 IST" duration-ms="12497" status="PASS">
          <params>
            <param index="0">
              <value>
                <![CDATA[vineeth00@gmail.com]]>
              </value>
            </param>
            <param index="1">
              <value>
                <![CDATA[Iamking@000]]>
              </value>
            </param>
            <param index="2">
              <value>
                <![CDATA[ADIDAS ORIGINAL]]>
              </value>
            </param>
          </params>
          <reporter-output>
          </reporter-output>
        </test-method> <!-- submitOrder -->
        <test-method is-config="true" signature="tearDown()[pri:0, instance:io.test.EcommerceTest@201a4587]" started-at="2025-06-15T13:22:28 IST" name="tearDown" finished-at="2025-06-15T13:22:28 IST" duration-ms="58" status="PASS">
          <reporter-output>
          </reporter-output>
        </test-method> <!-- tearDown -->
        <test-method is-config="true" signature="launchApplication()[pri:0, instance:io.test.EcommerceTest@201a4587]" started-at="2025-06-15T13:22:28 IST" name="launchApplication" finished-at="2025-06-15T13:22:29 IST" duration-ms="1078" status="PASS">
          <reporter-output>
          </reporter-output>
        </test-method> <!-- launchApplication -->
        <test-method signature="ordersHistory(java.lang.String,java.lang.String,java.lang.String)[pri:0, instance:io.test.EcommerceTest@201a4587]" started-at="2025-06-15T13:22:29 IST" name="ordersHistory" data-provider="TestData" finished-at="2025-06-15T13:22:30 IST" depends-on-methods="io.test.EcommerceTest.submitOrder" duration-ms="521" status="PASS">
          <params>
            <param index="0">
              <value>
                <![CDATA[vineeth@gmail.com]]>
              </value>
            </param>
            <param index="1">
              <value>
                <![CDATA[Saanvi@143]]>
              </value>
            </param>
            <param index="2">
              <value>
                <![CDATA[ZARA COAT 3]]>
              </value>
            </param>
          </params>
          <reporter-output>
          </reporter-output>
        </test-method> <!-- ordersHistory -->
        <test-method is-config="true" signature="tearDown()[pri:0, instance:io.test.EcommerceTest@201a4587]" started-at="2025-06-15T13:22:30 IST" name="tearDown" finished-at="2025-06-15T13:22:30 IST" duration-ms="73" status="PASS">
          <reporter-output>
          </reporter-output>
        </test-method> <!-- tearDown -->
        <test-method is-config="true" signature="launchApplication()[pri:0, instance:io.test.EcommerceTest@201a4587]" started-at="2025-06-15T13:22:30 IST" name="launchApplication" finished-at="2025-06-15T13:22:32 IST" duration-ms="1907" status="PASS">
          <reporter-output>
          </reporter-output>
        </test-method> <!-- launchApplication -->
        <test-method signature="ordersHistory(java.lang.String,java.lang.String,java.lang.String)[pri:0, instance:io.test.EcommerceTest@201a4587]" started-at="2025-06-15T13:22:32 IST" name="ordersHistory" data-provider="TestData" finished-at="2025-06-15T13:22:32 IST" depends-on-methods="io.test.EcommerceTest.submitOrder" duration-ms="497" status="PASS">
          <params>
            <param index="0">
              <value>
                <![CDATA[vineeth00@gmail.com]]>
              </value>
            </param>
            <param index="1">
              <value>
                <![CDATA[Iamking@000]]>
              </value>
            </param>
            <param index="2">
              <value>
                <![CDATA[ADIDAS ORIGINAL]]>
              </value>
            </param>
          </params>
          <reporter-output>
          </reporter-output>
        </test-method> <!-- ordersHistory -->
        <test-method is-config="true" signature="tearDown()[pri:0, instance:io.test.EcommerceTest@201a4587]" started-at="2025-06-15T13:22:32 IST" name="tearDown" finished-at="2025-06-15T13:22:33 IST" duration-ms="82" status="PASS">
          <reporter-output>
          </reporter-output>
        </test-method> <!-- tearDown -->
      </class> <!-- io.test.EcommerceTest -->
    </test> <!-- Default test -->
  </suite> <!-- Default suite -->
</testng-results>
